INFO - 2023-09-15 16:22:24 --> Session: Class initialized using 'CodeIgniter\Session\Handlers\FileHandler' driver.
INFO - 2023-09-15 16:22:25 --> Session: Class initialized using 'CodeIgniter\Session\Handlers\FileHandler' driver.
INFO - 2023-09-15 16:23:21 --> Session: Class initialized using 'CodeIgniter\Session\Handlers\FileHandler' driver.
INFO - 2023-09-15 16:23:23 --> Session: Class initialized using 'CodeIgniter\Session\Handlers\FileHandler' driver.
INFO - 2023-09-15 16:23:38 --> Session: Class initialized using 'CodeIgniter\Session\Handlers\FileHandler' driver.
INFO - 2023-09-15 16:23:44 --> Session: Class initialized using 'CodeIgniter\Session\Handlers\FileHandler' driver.
INFO - 2023-09-15 16:23:52 --> Session: Class initialized using 'CodeIgniter\Session\Handlers\FileHandler' driver.
INFO - 2023-09-15 16:23:56 --> Session: Class initialized using 'CodeIgniter\Session\Handlers\FileHandler' driver.
INFO - 2023-09-15 16:24:06 --> Session: Class initialized using 'CodeIgniter\Session\Handlers\FileHandler' driver.
INFO - 2023-09-15 16:24:16 --> Session: Class initialized using 'CodeIgniter\Session\Handlers\FileHandler' driver.
INFO - 2023-09-15 16:24:26 --> Session: Class initialized using 'CodeIgniter\Session\Handlers\FileHandler' driver.
INFO - 2023-09-15 16:24:36 --> Session: Class initialized using 'CodeIgniter\Session\Handlers\FileHandler' driver.
INFO - 2023-09-15 16:24:46 --> Session: Class initialized using 'CodeIgniter\Session\Handlers\FileHandler' driver.
INFO - 2023-09-15 16:24:56 --> Session: Class initialized using 'CodeIgniter\Session\Handlers\FileHandler' driver.
INFO - 2023-09-15 16:25:06 --> Session: Class initialized using 'CodeIgniter\Session\Handlers\FileHandler' driver.
INFO - 2023-09-15 16:25:16 --> Session: Class initialized using 'CodeIgniter\Session\Handlers\FileHandler' driver.
INFO - 2023-09-15 16:25:23 --> Session: Class initialized using 'CodeIgniter\Session\Handlers\FileHandler' driver.
ERROR - 2023-09-15 16:25:23 --> mysqli_sql_exception: You have an error in your SQL syntax; check the manual that corresponds to your MariaDB server version for the right syntax to use near 'FROM (
		    SELECT no_anggota, id_jenis_simpanan, SUM(debet) AS total_debet...' at line 9 in C:\xampp\htdocs\cikoperasi\system\Database\MySQLi\Connection.php:295
Stack trace:
#0 C:\xampp\htdocs\cikoperasi\system\Database\MySQLi\Connection.php(295): mysqli->query('\r\n\t\tSELECT\r\n\t\t ...', 0)
#1 C:\xampp\htdocs\cikoperasi\system\Database\BaseConnection.php(691): CodeIgniter\Database\MySQLi\Connection->execute('\r\n\t\tSELECT\r\n\t\t ...')
#2 C:\xampp\htdocs\cikoperasi\system\Database\BaseConnection.php(605): CodeIgniter\Database\BaseConnection->simpleQuery('\r\n\t\tSELECT\r\n\t\t ...')
#3 C:\xampp\htdocs\cikoperasi\app\Models\AnggotaModel.php(149): CodeIgniter\Database\BaseConnection->query('\r\n\t\tSELECT\r\n\t\t ...')
#4 C:\xampp\htdocs\cikoperasi\app\Controllers\Petugas.php(885): App\Models\AnggotaModel->lapTagihan('9', '2023')
#5 C:\xampp\htdocs\cikoperasi\system\CodeIgniter.php(934): App\Controllers\Petugas->viewLapTagihanBulanan()
#6 C:\xampp\htdocs\cikoperasi\system\CodeIgniter.php(499): CodeIgniter\CodeIgniter->runController(Object(App\Controllers\Petugas))
#7 C:\xampp\htdocs\cikoperasi\system\CodeIgniter.php(368): CodeIgniter\CodeIgniter->handleRequest(NULL, Object(Config\Cache), false)
#8 C:\xampp\htdocs\cikoperasi\public\index.php(67): CodeIgniter\CodeIgniter->run()
#9 C:\xampp\htdocs\cikoperasi\system\Commands\Server\rewrite.php(47): require_once('C:\\xampp\\htdocs...')
#10 {main}
CRITICAL - 2023-09-15 16:25:23 --> You have an error in your SQL syntax; check the manual that corresponds to your MariaDB server version for the right syntax to use near 'FROM (
		    SELECT no_anggota, id_jenis_simpanan, SUM(debet) AS total_debet...' at line 9
in SYSTEMPATH\Database\BaseConnection.php on line 645.
 1 APPPATH\Models\AnggotaModel.php(149): CodeIgniter\Database\BaseConnection->query('
		SELECT
		    a.no_anggota,
		    a.nama,
		    DATE_FORMAT(s.tanggal, \'%Y-%m\') AS bulan_tahun,
		    SUM(CASE WHEN s.id_jenis_simpanan = 2 THEN s.total_debet ELSE 0 END) AS simpanan_wajib,
		    SUM(CASE WHEN s.id_jenis_simpanan = 3 THEN s.total_debet ELSE 0 END) AS simpanan_sukarela,
		    -- SUM(CASE WHEN pp.id_jenis_pinjaman = 2 THEN an.angsuran_pembayaran ELSE 0 END) AS pinjaman_panjang,
		    -- SUM(CASE WHEN pp.id_jenis_pinjaman = 3 THEN an.angsuran_pembayaran ELSE 0 END) AS pinjaman_barang
		FROM (
		    SELECT no_anggota, id_jenis_simpanan, SUM(debet) AS total_debet, tanggal
		    FROM simpanan_detail
		    WHERE sts_setor = \'Otomatis\' AND status = \'Debet\'
		          AND MONTH(tanggal) = 9 AND YEAR(tanggal) = 2023
		    GROUP BY no_anggota, id_jenis_simpanan, DATE_FORMAT(tanggal, \'%Y-%m\')
		) AS s
		RIGHT JOIN anggota a ON s.no_anggota = a.no_anggota
		-- LEFT JOIN pinjaman p ON p.no_anggota = a.no_anggota
		-- LEFT JOIN angsuran an ON an.id_pinjaman = p.id_pinjaman
		-- LEFT JOIN pengajuan_pinjaman pp ON pp.id_pengajuan = p.id_pengajuan
		-- WHERE MONTH(an.tgl_angsuran) = 9
		--     AND YEAR(an.tgl_angsuran) = 2023
		GROUP BY a.no_anggota, a.nama, bulan_tahun
		ORDER BY a.no_anggota, bulan_tahun;


		')
 2 APPPATH\Controllers\Petugas.php(885): App\Models\AnggotaModel->lapTagihan('9', '2023')
 3 SYSTEMPATH\CodeIgniter.php(934): App\Controllers\Petugas->viewLapTagihanBulanan()
 4 SYSTEMPATH\CodeIgniter.php(499): CodeIgniter\CodeIgniter->runController(Object(App\Controllers\Petugas))
 5 SYSTEMPATH\CodeIgniter.php(368): CodeIgniter\CodeIgniter->handleRequest(null, Object(Config\Cache), false)
 6 FCPATH\index.php(67): CodeIgniter\CodeIgniter->run()
 7 SYSTEMPATH\Commands\Server\rewrite.php(47): require_once('FCPATH\\index.php')
INFO - 2023-09-15 16:25:26 --> Session: Class initialized using 'CodeIgniter\Session\Handlers\FileHandler' driver.
INFO - 2023-09-15 16:25:29 --> Session: Class initialized using 'CodeIgniter\Session\Handlers\FileHandler' driver.
INFO - 2023-09-15 16:25:30 --> Session: Class initialized using 'CodeIgniter\Session\Handlers\FileHandler' driver.
INFO - 2023-09-15 16:25:30 --> Session: Class initialized using 'CodeIgniter\Session\Handlers\FileHandler' driver.
INFO - 2023-09-15 16:25:32 --> Session: Class initialized using 'CodeIgniter\Session\Handlers\FileHandler' driver.
ERROR - 2023-09-15 16:25:32 --> mysqli_sql_exception: You have an error in your SQL syntax; check the manual that corresponds to your MariaDB server version for the right syntax to use near 'FROM (
		    SELECT no_anggota, id_jenis_simpanan, SUM(debet) AS total_debet...' at line 9 in C:\xampp\htdocs\cikoperasi\system\Database\MySQLi\Connection.php:295
Stack trace:
#0 C:\xampp\htdocs\cikoperasi\system\Database\MySQLi\Connection.php(295): mysqli->query('\r\n\t\tSELECT\r\n\t\t ...', 0)
#1 C:\xampp\htdocs\cikoperasi\system\Database\BaseConnection.php(691): CodeIgniter\Database\MySQLi\Connection->execute('\r\n\t\tSELECT\r\n\t\t ...')
#2 C:\xampp\htdocs\cikoperasi\system\Database\BaseConnection.php(605): CodeIgniter\Database\BaseConnection->simpleQuery('\r\n\t\tSELECT\r\n\t\t ...')
#3 C:\xampp\htdocs\cikoperasi\app\Models\AnggotaModel.php(149): CodeIgniter\Database\BaseConnection->query('\r\n\t\tSELECT\r\n\t\t ...')
#4 C:\xampp\htdocs\cikoperasi\app\Controllers\Petugas.php(885): App\Models\AnggotaModel->lapTagihan('9', '2023')
#5 C:\xampp\htdocs\cikoperasi\system\CodeIgniter.php(934): App\Controllers\Petugas->viewLapTagihanBulanan()
#6 C:\xampp\htdocs\cikoperasi\system\CodeIgniter.php(499): CodeIgniter\CodeIgniter->runController(Object(App\Controllers\Petugas))
#7 C:\xampp\htdocs\cikoperasi\system\CodeIgniter.php(368): CodeIgniter\CodeIgniter->handleRequest(NULL, Object(Config\Cache), false)
#8 C:\xampp\htdocs\cikoperasi\public\index.php(67): CodeIgniter\CodeIgniter->run()
#9 C:\xampp\htdocs\cikoperasi\system\Commands\Server\rewrite.php(47): require_once('C:\\xampp\\htdocs...')
#10 {main}
CRITICAL - 2023-09-15 16:25:32 --> You have an error in your SQL syntax; check the manual that corresponds to your MariaDB server version for the right syntax to use near 'FROM (
		    SELECT no_anggota, id_jenis_simpanan, SUM(debet) AS total_debet...' at line 9
in SYSTEMPATH\Database\BaseConnection.php on line 645.
 1 APPPATH\Models\AnggotaModel.php(149): CodeIgniter\Database\BaseConnection->query('
		SELECT
		    a.no_anggota,
		    a.nama,
		    DATE_FORMAT(s.tanggal, \'%Y-%m\') AS bulan_tahun,
		    SUM(CASE WHEN s.id_jenis_simpanan = 2 THEN s.total_debet ELSE 0 END) AS simpanan_wajib,
		    SUM(CASE WHEN s.id_jenis_simpanan = 3 THEN s.total_debet ELSE 0 END) AS simpanan_sukarela,
		    -- SUM(CASE WHEN pp.id_jenis_pinjaman = 2 THEN an.angsuran_pembayaran ELSE 0 END) AS pinjaman_panjang,
		    -- SUM(CASE WHEN pp.id_jenis_pinjaman = 3 THEN an.angsuran_pembayaran ELSE 0 END) AS pinjaman_barang
		FROM (
		    SELECT no_anggota, id_jenis_simpanan, SUM(debet) AS total_debet, tanggal
		    FROM simpanan_detail
		    WHERE sts_setor = \'Otomatis\' AND status = \'Debet\'
		          AND MONTH(tanggal) = 9 AND YEAR(tanggal) = 2023
		    GROUP BY no_anggota, id_jenis_simpanan, DATE_FORMAT(tanggal, \'%Y-%m\')
		) AS s
		RIGHT JOIN anggota a ON s.no_anggota = a.no_anggota
		-- LEFT JOIN pinjaman p ON p.no_anggota = a.no_anggota
		-- LEFT JOIN angsuran an ON an.id_pinjaman = p.id_pinjaman
		-- LEFT JOIN pengajuan_pinjaman pp ON pp.id_pengajuan = p.id_pengajuan
		-- WHERE MONTH(an.tgl_angsuran) = 9
		--     AND YEAR(an.tgl_angsuran) = 2023
		GROUP BY a.no_anggota, a.nama, bulan_tahun
		ORDER BY a.no_anggota, bulan_tahun;


		')
 2 APPPATH\Controllers\Petugas.php(885): App\Models\AnggotaModel->lapTagihan('9', '2023')
 3 SYSTEMPATH\CodeIgniter.php(934): App\Controllers\Petugas->viewLapTagihanBulanan()
 4 SYSTEMPATH\CodeIgniter.php(499): CodeIgniter\CodeIgniter->runController(Object(App\Controllers\Petugas))
 5 SYSTEMPATH\CodeIgniter.php(368): CodeIgniter\CodeIgniter->handleRequest(null, Object(Config\Cache), false)
 6 FCPATH\index.php(67): CodeIgniter\CodeIgniter->run()
 7 SYSTEMPATH\Commands\Server\rewrite.php(47): require_once('FCPATH\\index.php')
INFO - 2023-09-15 16:25:36 --> Session: Class initialized using 'CodeIgniter\Session\Handlers\FileHandler' driver.
INFO - 2023-09-15 16:25:46 --> Session: Class initialized using 'CodeIgniter\Session\Handlers\FileHandler' driver.
INFO - 2023-09-15 16:25:57 --> Session: Class initialized using 'CodeIgniter\Session\Handlers\FileHandler' driver.
INFO - 2023-09-15 16:26:06 --> Session: Class initialized using 'CodeIgniter\Session\Handlers\FileHandler' driver.
INFO - 2023-09-15 16:26:16 --> Session: Class initialized using 'CodeIgniter\Session\Handlers\FileHandler' driver.
INFO - 2023-09-15 16:26:26 --> Session: Class initialized using 'CodeIgniter\Session\Handlers\FileHandler' driver.
INFO - 2023-09-15 16:26:53 --> Session: Class initialized using 'CodeIgniter\Session\Handlers\FileHandler' driver.
INFO - 2023-09-15 16:27:17 --> Session: Class initialized using 'CodeIgniter\Session\Handlers\FileHandler' driver.
INFO - 2023-09-15 16:27:19 --> Session: Class initialized using 'CodeIgniter\Session\Handlers\FileHandler' driver.
INFO - 2023-09-15 16:27:22 --> Session: Class initialized using 'CodeIgniter\Session\Handlers\FileHandler' driver.
INFO - 2023-09-15 16:27:34 --> Session: Class initialized using 'CodeIgniter\Session\Handlers\FileHandler' driver.
INFO - 2023-09-15 16:27:35 --> Session: Class initialized using 'CodeIgniter\Session\Handlers\FileHandler' driver.
INFO - 2023-09-15 16:27:36 --> Session: Class initialized using 'CodeIgniter\Session\Handlers\FileHandler' driver.
INFO - 2023-09-15 16:27:37 --> Session: Class initialized using 'CodeIgniter\Session\Handlers\FileHandler' driver.
INFO - 2023-09-15 16:27:38 --> Session: Class initialized using 'CodeIgniter\Session\Handlers\FileHandler' driver.
INFO - 2023-09-15 16:27:46 --> Session: Class initialized using 'CodeIgniter\Session\Handlers\FileHandler' driver.
INFO - 2023-09-15 16:27:56 --> Session: Class initialized using 'CodeIgniter\Session\Handlers\FileHandler' driver.
INFO - 2023-09-15 16:28:06 --> Session: Class initialized using 'CodeIgniter\Session\Handlers\FileHandler' driver.
INFO - 2023-09-15 16:28:16 --> Session: Class initialized using 'CodeIgniter\Session\Handlers\FileHandler' driver.
INFO - 2023-09-15 16:28:23 --> Session: Class initialized using 'CodeIgniter\Session\Handlers\FileHandler' driver.
CRITICAL - 2023-09-15 16:28:23 --> Undefined array key "pinjaman_panjang"
in APPPATH\Views\laporan\v_lap_tagihan.php on line 60.
 1 APPPATH\Views\laporan\v_lap_tagihan.php(60): CodeIgniter\Debug\Exceptions->errorHandler(2, 'Undefined array key "pinjaman_panjang"', 'APPPATH\\Views\\laporan\\v_lap_tagihan.php', 60)
 2 SYSTEMPATH\View\View.php(213): include('APPPATH\\Views\\laporan\\v_lap_tagihan.php')
 3 SYSTEMPATH\View\View.php(216): CodeIgniter\View\View->CodeIgniter\View\{closure}()
 4 SYSTEMPATH\Common.php(1184): CodeIgniter\View\View->render('laporan/v_lap_tagihan', [], true)
 5 APPPATH\Views\layout-cetak\tamplate.php(87): view('laporan/v_lap_tagihan')
 6 SYSTEMPATH\View\View.php(213): include('APPPATH\\Views\\layout-cetak\\tamplate.php')
 7 SYSTEMPATH\View\View.php(216): CodeIgniter\View\View->CodeIgniter\View\{closure}()
 8 SYSTEMPATH\Common.php(1184): CodeIgniter\View\View->render('layout-cetak/tamplate', [], true)
 9 APPPATH\Controllers\Petugas.php(894): view('layout-cetak/tamplate', [...])
10 SYSTEMPATH\CodeIgniter.php(934): App\Controllers\Petugas->viewLapTagihanBulanan()
11 SYSTEMPATH\CodeIgniter.php(499): CodeIgniter\CodeIgniter->runController(Object(App\Controllers\Petugas))
12 SYSTEMPATH\CodeIgniter.php(368): CodeIgniter\CodeIgniter->handleRequest(null, Object(Config\Cache), false)
13 FCPATH\index.php(67): CodeIgniter\CodeIgniter->run()
14 SYSTEMPATH\Commands\Server\rewrite.php(47): require_once('FCPATH\\index.php')
INFO - 2023-09-15 16:28:26 --> Session: Class initialized using 'CodeIgniter\Session\Handlers\FileHandler' driver.
INFO - 2023-09-15 16:28:27 --> Session: Class initialized using 'CodeIgniter\Session\Handlers\FileHandler' driver.
CRITICAL - 2023-09-15 16:28:28 --> Undefined array key "pinjaman_panjang"
in APPPATH\Views\laporan\v_lap_tagihan.php on line 60.
 1 APPPATH\Views\laporan\v_lap_tagihan.php(60): CodeIgniter\Debug\Exceptions->errorHandler(2, 'Undefined array key "pinjaman_panjang"', 'APPPATH\\Views\\laporan\\v_lap_tagihan.php', 60)
 2 SYSTEMPATH\View\View.php(213): include('APPPATH\\Views\\laporan\\v_lap_tagihan.php')
 3 SYSTEMPATH\View\View.php(216): CodeIgniter\View\View->CodeIgniter\View\{closure}()
 4 SYSTEMPATH\Common.php(1184): CodeIgniter\View\View->render('laporan/v_lap_tagihan', [], true)
 5 APPPATH\Views\layout-cetak\tamplate.php(87): view('laporan/v_lap_tagihan')
 6 SYSTEMPATH\View\View.php(213): include('APPPATH\\Views\\layout-cetak\\tamplate.php')
 7 SYSTEMPATH\View\View.php(216): CodeIgniter\View\View->CodeIgniter\View\{closure}()
 8 SYSTEMPATH\Common.php(1184): CodeIgniter\View\View->render('layout-cetak/tamplate', [], true)
 9 APPPATH\Controllers\Petugas.php(894): view('layout-cetak/tamplate', [...])
10 SYSTEMPATH\CodeIgniter.php(934): App\Controllers\Petugas->viewLapTagihanBulanan()
11 SYSTEMPATH\CodeIgniter.php(499): CodeIgniter\CodeIgniter->runController(Object(App\Controllers\Petugas))
12 SYSTEMPATH\CodeIgniter.php(368): CodeIgniter\CodeIgniter->handleRequest(null, Object(Config\Cache), false)
13 FCPATH\index.php(67): CodeIgniter\CodeIgniter->run()
14 SYSTEMPATH\Commands\Server\rewrite.php(47): require_once('FCPATH\\index.php')
INFO - 2023-09-15 16:28:36 --> Session: Class initialized using 'CodeIgniter\Session\Handlers\FileHandler' driver.
INFO - 2023-09-15 16:28:46 --> Session: Class initialized using 'CodeIgniter\Session\Handlers\FileHandler' driver.
INFO - 2023-09-15 16:28:49 --> Session: Class initialized using 'CodeIgniter\Session\Handlers\FileHandler' driver.
CRITICAL - 2023-09-15 16:28:49 --> Undefined array key "pinjaman_panjang"
in APPPATH\Views\laporan\v_lap_tagihan.php on line 61.
 1 APPPATH\Views\laporan\v_lap_tagihan.php(61): CodeIgniter\Debug\Exceptions->errorHandler(2, 'Undefined array key "pinjaman_panjang"', 'APPPATH\\Views\\laporan\\v_lap_tagihan.php', 61)
 2 SYSTEMPATH\View\View.php(213): include('APPPATH\\Views\\laporan\\v_lap_tagihan.php')
 3 SYSTEMPATH\View\View.php(216): CodeIgniter\View\View->CodeIgniter\View\{closure}()
 4 SYSTEMPATH\Common.php(1184): CodeIgniter\View\View->render('laporan/v_lap_tagihan', [], true)
 5 APPPATH\Views\layout-cetak\tamplate.php(87): view('laporan/v_lap_tagihan')
 6 SYSTEMPATH\View\View.php(213): include('APPPATH\\Views\\layout-cetak\\tamplate.php')
 7 SYSTEMPATH\View\View.php(216): CodeIgniter\View\View->CodeIgniter\View\{closure}()
 8 SYSTEMPATH\Common.php(1184): CodeIgniter\View\View->render('layout-cetak/tamplate', [], true)
 9 APPPATH\Controllers\Petugas.php(894): view('layout-cetak/tamplate', [...])
10 SYSTEMPATH\CodeIgniter.php(934): App\Controllers\Petugas->viewLapTagihanBulanan()
11 SYSTEMPATH\CodeIgniter.php(499): CodeIgniter\CodeIgniter->runController(Object(App\Controllers\Petugas))
12 SYSTEMPATH\CodeIgniter.php(368): CodeIgniter\CodeIgniter->handleRequest(null, Object(Config\Cache), false)
13 FCPATH\index.php(67): CodeIgniter\CodeIgniter->run()
14 SYSTEMPATH\Commands\Server\rewrite.php(47): require_once('FCPATH\\index.php')
INFO - 2023-09-15 16:28:56 --> Session: Class initialized using 'CodeIgniter\Session\Handlers\FileHandler' driver.
INFO - 2023-09-15 16:28:59 --> Session: Class initialized using 'CodeIgniter\Session\Handlers\FileHandler' driver.
INFO - 2023-09-15 16:29:02 --> Session: Class initialized using 'CodeIgniter\Session\Handlers\FileHandler' driver.
INFO - 2023-09-15 16:29:11 --> Session: Class initialized using 'CodeIgniter\Session\Handlers\FileHandler' driver.
INFO - 2023-09-15 16:29:12 --> Session: Class initialized using 'CodeIgniter\Session\Handlers\FileHandler' driver.
INFO - 2023-09-15 16:29:14 --> Session: Class initialized using 'CodeIgniter\Session\Handlers\FileHandler' driver.
INFO - 2023-09-15 16:29:15 --> Session: Class initialized using 'CodeIgniter\Session\Handlers\FileHandler' driver.
INFO - 2023-09-15 16:29:16 --> Session: Class initialized using 'CodeIgniter\Session\Handlers\FileHandler' driver.
INFO - 2023-09-15 16:29:26 --> Session: Class initialized using 'CodeIgniter\Session\Handlers\FileHandler' driver.
INFO - 2023-09-15 16:29:36 --> Session: Class initialized using 'CodeIgniter\Session\Handlers\FileHandler' driver.
INFO - 2023-09-15 16:29:46 --> Session: Class initialized using 'CodeIgniter\Session\Handlers\FileHandler' driver.
INFO - 2023-09-15 16:29:56 --> Session: Class initialized using 'CodeIgniter\Session\Handlers\FileHandler' driver.
INFO - 2023-09-15 16:30:06 --> Session: Class initialized using 'CodeIgniter\Session\Handlers\FileHandler' driver.
INFO - 2023-09-15 16:30:16 --> Session: Class initialized using 'CodeIgniter\Session\Handlers\FileHandler' driver.
INFO - 2023-09-15 16:30:26 --> Session: Class initialized using 'CodeIgniter\Session\Handlers\FileHandler' driver.
INFO - 2023-09-15 16:30:36 --> Session: Class initialized using 'CodeIgniter\Session\Handlers\FileHandler' driver.
INFO - 2023-09-15 16:30:47 --> Session: Class initialized using 'CodeIgniter\Session\Handlers\FileHandler' driver.
INFO - 2023-09-15 16:30:56 --> Session: Class initialized using 'CodeIgniter\Session\Handlers\FileHandler' driver.
INFO - 2023-09-15 16:31:06 --> Session: Class initialized using 'CodeIgniter\Session\Handlers\FileHandler' driver.
INFO - 2023-09-15 16:31:16 --> Session: Class initialized using 'CodeIgniter\Session\Handlers\FileHandler' driver.
INFO - 2023-09-15 16:31:26 --> Session: Class initialized using 'CodeIgniter\Session\Handlers\FileHandler' driver.
INFO - 2023-09-15 16:31:53 --> Session: Class initialized using 'CodeIgniter\Session\Handlers\FileHandler' driver.
INFO - 2023-09-15 16:32:53 --> Session: Class initialized using 'CodeIgniter\Session\Handlers\FileHandler' driver.
INFO - 2023-09-15 16:33:53 --> Session: Class initialized using 'CodeIgniter\Session\Handlers\FileHandler' driver.
INFO - 2023-09-15 16:34:53 --> Session: Class initialized using 'CodeIgniter\Session\Handlers\FileHandler' driver.
INFO - 2023-09-15 16:35:53 --> Session: Class initialized using 'CodeIgniter\Session\Handlers\FileHandler' driver.
INFO - 2023-09-15 16:36:53 --> Session: Class initialized using 'CodeIgniter\Session\Handlers\FileHandler' driver.
INFO - 2023-09-15 16:37:40 --> Session: Class initialized using 'CodeIgniter\Session\Handlers\FileHandler' driver.
INFO - 2023-09-15 16:37:46 --> Session: Class initialized using 'CodeIgniter\Session\Handlers\FileHandler' driver.
INFO - 2023-09-15 16:37:56 --> Session: Class initialized using 'CodeIgniter\Session\Handlers\FileHandler' driver.
INFO - 2023-09-15 16:38:06 --> Session: Class initialized using 'CodeIgniter\Session\Handlers\FileHandler' driver.
INFO - 2023-09-15 16:38:16 --> Session: Class initialized using 'CodeIgniter\Session\Handlers\FileHandler' driver.
INFO - 2023-09-15 16:38:26 --> Session: Class initialized using 'CodeIgniter\Session\Handlers\FileHandler' driver.
INFO - 2023-09-15 16:38:37 --> Session: Class initialized using 'CodeIgniter\Session\Handlers\FileHandler' driver.
INFO - 2023-09-15 16:38:47 --> Session: Class initialized using 'CodeIgniter\Session\Handlers\FileHandler' driver.
INFO - 2023-09-15 16:38:56 --> Session: Class initialized using 'CodeIgniter\Session\Handlers\FileHandler' driver.
INFO - 2023-09-15 16:39:06 --> Session: Class initialized using 'CodeIgniter\Session\Handlers\FileHandler' driver.
INFO - 2023-09-15 16:39:53 --> Session: Class initialized using 'CodeIgniter\Session\Handlers\FileHandler' driver.
INFO - 2023-09-15 16:40:53 --> Session: Class initialized using 'CodeIgniter\Session\Handlers\FileHandler' driver.
INFO - 2023-09-15 16:41:53 --> Session: Class initialized using 'CodeIgniter\Session\Handlers\FileHandler' driver.
INFO - 2023-09-15 16:42:53 --> Session: Class initialized using 'CodeIgniter\Session\Handlers\FileHandler' driver.
INFO - 2023-09-15 16:43:54 --> Session: Class initialized using 'CodeIgniter\Session\Handlers\FileHandler' driver.
INFO - 2023-09-15 16:44:53 --> Session: Class initialized using 'CodeIgniter\Session\Handlers\FileHandler' driver.
INFO - 2023-09-15 16:45:53 --> Session: Class initialized using 'CodeIgniter\Session\Handlers\FileHandler' driver.
INFO - 2023-09-15 16:46:53 --> Session: Class initialized using 'CodeIgniter\Session\Handlers\FileHandler' driver.
INFO - 2023-09-15 16:47:53 --> Session: Class initialized using 'CodeIgniter\Session\Handlers\FileHandler' driver.
INFO - 2023-09-15 16:48:53 --> Session: Class initialized using 'CodeIgniter\Session\Handlers\FileHandler' driver.
INFO - 2023-09-15 16:49:53 --> Session: Class initialized using 'CodeIgniter\Session\Handlers\FileHandler' driver.
INFO - 2023-09-15 16:50:29 --> Session: Class initialized using 'CodeIgniter\Session\Handlers\FileHandler' driver.
INFO - 2023-09-15 16:50:36 --> Session: Class initialized using 'CodeIgniter\Session\Handlers\FileHandler' driver.
INFO - 2023-09-15 16:50:46 --> Session: Class initialized using 'CodeIgniter\Session\Handlers\FileHandler' driver.
INFO - 2023-09-15 16:50:56 --> Session: Class initialized using 'CodeIgniter\Session\Handlers\FileHandler' driver.
INFO - 2023-09-15 16:51:06 --> Session: Class initialized using 'CodeIgniter\Session\Handlers\FileHandler' driver.
INFO - 2023-09-15 16:51:17 --> Session: Class initialized using 'CodeIgniter\Session\Handlers\FileHandler' driver.
