INFO - 2023-10-18 14:17:14 --> Session: Class initialized using 'CodeIgniter\Session\Handlers\FileHandler' driver.
INFO - 2023-10-18 14:17:24 --> Session: Class initialized using 'CodeIgniter\Session\Handlers\FileHandler' driver.
INFO - 2023-10-18 14:17:35 --> Session: Class initialized using 'CodeIgniter\Session\Handlers\FileHandler' driver.
INFO - 2023-10-18 14:17:45 --> Session: Class initialized using 'CodeIgniter\Session\Handlers\FileHandler' driver.
INFO - 2023-10-18 14:17:47 --> Session: Class initialized using 'CodeIgniter\Session\Handlers\FileHandler' driver.
INFO - 2023-10-18 14:18:06 --> Session: Class initialized using 'CodeIgniter\Session\Handlers\FileHandler' driver.
INFO - 2023-10-18 14:18:10 --> Session: Class initialized using 'CodeIgniter\Session\Handlers\FileHandler' driver.
INFO - 2023-10-18 14:18:13 --> Session: Class initialized using 'CodeIgniter\Session\Handlers\FileHandler' driver.
INFO - 2023-10-18 14:18:38 --> Session: Class initialized using 'CodeIgniter\Session\Handlers\FileHandler' driver.
INFO - 2023-10-18 14:18:39 --> Session: Class initialized using 'CodeIgniter\Session\Handlers\FileHandler' driver.
INFO - 2023-10-18 14:18:58 --> Session: Class initialized using 'CodeIgniter\Session\Handlers\FileHandler' driver.
INFO - 2023-10-18 14:18:59 --> Session: Class initialized using 'CodeIgniter\Session\Handlers\FileHandler' driver.
INFO - 2023-10-18 14:19:16 --> Session: Class initialized using 'CodeIgniter\Session\Handlers\FileHandler' driver.
INFO - 2023-10-18 14:19:28 --> Session: Class initialized using 'CodeIgniter\Session\Handlers\FileHandler' driver.
INFO - 2023-10-18 14:19:29 --> Session: Class initialized using 'CodeIgniter\Session\Handlers\FileHandler' driver.
INFO - 2023-10-18 14:19:30 --> Session: Class initialized using 'CodeIgniter\Session\Handlers\FileHandler' driver.
INFO - 2023-10-18 14:19:43 --> Session: Class initialized using 'CodeIgniter\Session\Handlers\FileHandler' driver.
INFO - 2023-10-18 14:19:44 --> Session: Class initialized using 'CodeIgniter\Session\Handlers\FileHandler' driver.
INFO - 2023-10-18 14:19:55 --> Session: Class initialized using 'CodeIgniter\Session\Handlers\FileHandler' driver.
INFO - 2023-10-18 14:21:09 --> Session: Class initialized using 'CodeIgniter\Session\Handlers\FileHandler' driver.
INFO - 2023-10-18 14:21:10 --> Session: Class initialized using 'CodeIgniter\Session\Handlers\FileHandler' driver.
INFO - 2023-10-18 14:21:21 --> Session: Class initialized using 'CodeIgniter\Session\Handlers\FileHandler' driver.
INFO - 2023-10-18 14:21:22 --> Session: Class initialized using 'CodeIgniter\Session\Handlers\FileHandler' driver.
INFO - 2023-10-18 14:21:35 --> Session: Class initialized using 'CodeIgniter\Session\Handlers\FileHandler' driver.
INFO - 2023-10-18 14:21:35 --> Session: Class initialized using 'CodeIgniter\Session\Handlers\FileHandler' driver.
INFO - 2023-10-18 14:21:36 --> Session: Class initialized using 'CodeIgniter\Session\Handlers\FileHandler' driver.
INFO - 2023-10-18 14:21:51 --> Session: Class initialized using 'CodeIgniter\Session\Handlers\FileHandler' driver.
INFO - 2023-10-18 14:21:53 --> Session: Class initialized using 'CodeIgniter\Session\Handlers\FileHandler' driver.
INFO - 2023-10-18 14:22:34 --> Session: Class initialized using 'CodeIgniter\Session\Handlers\FileHandler' driver.
INFO - 2023-10-18 14:22:35 --> Session: Class initialized using 'CodeIgniter\Session\Handlers\FileHandler' driver.
INFO - 2023-10-18 14:22:54 --> Session: Class initialized using 'CodeIgniter\Session\Handlers\FileHandler' driver.
INFO - 2023-10-18 14:22:56 --> Session: Class initialized using 'CodeIgniter\Session\Handlers\FileHandler' driver.
INFO - 2023-10-18 14:23:17 --> Session: Class initialized using 'CodeIgniter\Session\Handlers\FileHandler' driver.
INFO - 2023-10-18 14:23:18 --> Session: Class initialized using 'CodeIgniter\Session\Handlers\FileHandler' driver.
INFO - 2023-10-18 14:23:19 --> Session: Class initialized using 'CodeIgniter\Session\Handlers\FileHandler' driver.
INFO - 2023-10-18 14:23:41 --> Session: Class initialized using 'CodeIgniter\Session\Handlers\FileHandler' driver.
INFO - 2023-10-18 14:23:42 --> Session: Class initialized using 'CodeIgniter\Session\Handlers\FileHandler' driver.
INFO - 2023-10-18 14:23:43 --> Session: Class initialized using 'CodeIgniter\Session\Handlers\FileHandler' driver.
INFO - 2023-10-18 14:24:04 --> Session: Class initialized using 'CodeIgniter\Session\Handlers\FileHandler' driver.
INFO - 2023-10-18 14:24:05 --> Session: Class initialized using 'CodeIgniter\Session\Handlers\FileHandler' driver.
INFO - 2023-10-18 14:24:53 --> Session: Class initialized using 'CodeIgniter\Session\Handlers\FileHandler' driver.
INFO - 2023-10-18 14:25:16 --> Session: Class initialized using 'CodeIgniter\Session\Handlers\FileHandler' driver.
INFO - 2023-10-18 14:25:43 --> Session: Class initialized using 'CodeIgniter\Session\Handlers\FileHandler' driver.
INFO - 2023-10-18 14:26:23 --> Session: Class initialized using 'CodeIgniter\Session\Handlers\FileHandler' driver.
INFO - 2023-10-18 14:26:24 --> Session: Class initialized using 'CodeIgniter\Session\Handlers\FileHandler' driver.
INFO - 2023-10-18 14:26:51 --> Session: Class initialized using 'CodeIgniter\Session\Handlers\FileHandler' driver.
INFO - 2023-10-18 14:27:10 --> Session: Class initialized using 'CodeIgniter\Session\Handlers\FileHandler' driver.
INFO - 2023-10-18 14:27:17 --> Session: Class initialized using 'CodeIgniter\Session\Handlers\FileHandler' driver.
INFO - 2023-10-18 14:27:44 --> Session: Class initialized using 'CodeIgniter\Session\Handlers\FileHandler' driver.
INFO - 2023-10-18 14:27:48 --> Session: Class initialized using 'CodeIgniter\Session\Handlers\FileHandler' driver.
INFO - 2023-10-18 14:28:13 --> Session: Class initialized using 'CodeIgniter\Session\Handlers\FileHandler' driver.
INFO - 2023-10-18 14:28:34 --> Session: Class initialized using 'CodeIgniter\Session\Handlers\FileHandler' driver.
ERROR - 2023-10-18 14:28:34 --> mysqli_sql_exception: You have an error in your SQL syntax; check the manual that corresponds to your MariaDB server version for the right syntax to use near 'FROM
				    anggota m
				LEFT JOIN
				    simpanan_detail sd ON m.no_an...' at line 24 in C:\xampp\htdocs\cikoperasi\system\Database\MySQLi\Connection.php:295
Stack trace:
#0 C:\xampp\htdocs\cikoperasi\system\Database\MySQLi\Connection.php(295): mysqli->query('\r\n\t\t\t\tSELECT\r\n\t...', 0)
#1 C:\xampp\htdocs\cikoperasi\system\Database\BaseConnection.php(691): CodeIgniter\Database\MySQLi\Connection->execute('\r\n\t\t\t\tSELECT\r\n\t...')
#2 C:\xampp\htdocs\cikoperasi\system\Database\BaseConnection.php(605): CodeIgniter\Database\BaseConnection->simpleQuery('\r\n\t\t\t\tSELECT\r\n\t...')
#3 C:\xampp\htdocs\cikoperasi\app\Models\AnggotaModel.php(192): CodeIgniter\Database\BaseConnection->query('\r\n\t\t\t\tSELECT\r\n\t...')
#4 C:\xampp\htdocs\cikoperasi\app\Controllers\Petugas.php(885): App\Models\AnggotaModel->lapTagihan('9', '2023')
#5 C:\xampp\htdocs\cikoperasi\system\CodeIgniter.php(934): App\Controllers\Petugas->viewLapTagihanBulanan()
#6 C:\xampp\htdocs\cikoperasi\system\CodeIgniter.php(499): CodeIgniter\CodeIgniter->runController(Object(App\Controllers\Petugas))
#7 C:\xampp\htdocs\cikoperasi\system\CodeIgniter.php(368): CodeIgniter\CodeIgniter->handleRequest(NULL, Object(Config\Cache), false)
#8 C:\xampp\htdocs\cikoperasi\public\index.php(67): CodeIgniter\CodeIgniter->run()
#9 C:\xampp\htdocs\cikoperasi\system\Commands\Server\rewrite.php(47): require_once('C:\\xampp\\htdocs...')
#10 {main}
CRITICAL - 2023-10-18 14:28:34 --> You have an error in your SQL syntax; check the manual that corresponds to your MariaDB server version for the right syntax to use near 'FROM
				    anggota m
				LEFT JOIN
				    simpanan_detail sd ON m.no_an...' at line 24
in SYSTEMPATH\Database\BaseConnection.php on line 645.
 1 APPPATH\Models\AnggotaModel.php(192): CodeIgniter\Database\BaseConnection->query('
				SELECT
				    m.no_anggota,
				    m.nama,
				    SUM(CASE WHEN sd.id_jenis_simpanan = 3 
				    	AND MONTH(tanggal) = 9 
				    	AND YEAR(tanggal) = 2023 
				    	AND sts_setor = \'Otomatis\' 
				    	AND status = \'Debet\'
				    	THEN sd.debet ELSE 0 END) AS simpanan_wajib,
				    SUM(CASE WHEN sd.id_jenis_simpanan = 2 
				    	AND MONTH(tanggal) = 9 
				    	AND YEAR(tanggal) = 2023 
				    	AND sts_setor = \'Otomatis\' 
				    	AND status = \'Debet\'
				    	THEN sd.debet ELSE 0 END) AS simpanan_sukarela,
				    -- SUM(CASE WHEN a.id_jenis_pinjaman = 3  
				    -- 	AND MONTH(tgl_angsuran) = 9 
				    -- 	AND YEAR(tgl_angsuran) = 2023 
				    -- 	THEN a.angsuran_pembayaran ELSE 0 END) AS pinjaman_panjang,
				    -- SUM(CASE WHEN a.id_jenis_pinjaman = 2  
				    -- 	AND MONTH(tgl_angsuran) = 9 
				    -- 	AND YEAR(tgl_angsuran) = 2023 
				    -- 	THEN a.angsuran_pembayaran ELSE 0 END) AS pinjaman_barang
				FROM
				    anggota m
				LEFT JOIN
				    simpanan_detail sd ON m.no_anggota = sd.no_anggota
				-- LEFT JOIN
				--     angsuran a ON m.no_anggota = a.no_anggota
				GROUP BY
				    m.no_anggota, m.nama
				ORDER BY
				    m.no_anggota;
			')
 2 APPPATH\Controllers\Petugas.php(885): App\Models\AnggotaModel->lapTagihan('9', '2023')
 3 SYSTEMPATH\CodeIgniter.php(934): App\Controllers\Petugas->viewLapTagihanBulanan()
 4 SYSTEMPATH\CodeIgniter.php(499): CodeIgniter\CodeIgniter->runController(Object(App\Controllers\Petugas))
 5 SYSTEMPATH\CodeIgniter.php(368): CodeIgniter\CodeIgniter->handleRequest(null, Object(Config\Cache), false)
 6 FCPATH\index.php(67): CodeIgniter\CodeIgniter->run()
 7 SYSTEMPATH\Commands\Server\rewrite.php(47): require_once('FCPATH\\index.php')
INFO - 2023-10-18 14:28:35 --> Session: Class initialized using 'CodeIgniter\Session\Handlers\FileHandler' driver.
INFO - 2023-10-18 14:28:45 --> Session: Class initialized using 'CodeIgniter\Session\Handlers\FileHandler' driver.
INFO - 2023-10-18 14:28:52 --> Session: Class initialized using 'CodeIgniter\Session\Handlers\FileHandler' driver.
INFO - 2023-10-18 14:29:11 --> Session: Class initialized using 'CodeIgniter\Session\Handlers\FileHandler' driver.
INFO - 2023-10-18 14:29:12 --> Session: Class initialized using 'CodeIgniter\Session\Handlers\FileHandler' driver.
INFO - 2023-10-18 14:29:16 --> Session: Class initialized using 'CodeIgniter\Session\Handlers\FileHandler' driver.
INFO - 2023-10-18 14:29:19 --> Session: Class initialized using 'CodeIgniter\Session\Handlers\FileHandler' driver.
INFO - 2023-10-18 14:29:22 --> Session: Class initialized using 'CodeIgniter\Session\Handlers\FileHandler' driver.
INFO - 2023-10-18 14:29:32 --> Session: Class initialized using 'CodeIgniter\Session\Handlers\FileHandler' driver.
INFO - 2023-10-18 14:29:41 --> Session: Class initialized using 'CodeIgniter\Session\Handlers\FileHandler' driver.
INFO - 2023-10-18 14:29:51 --> Session: Class initialized using 'CodeIgniter\Session\Handlers\FileHandler' driver.
INFO - 2023-10-18 14:30:10 --> Session: Class initialized using 'CodeIgniter\Session\Handlers\FileHandler' driver.
INFO - 2023-10-18 14:30:15 --> Session: Class initialized using 'CodeIgniter\Session\Handlers\FileHandler' driver.
INFO - 2023-10-18 14:30:21 --> Session: Class initialized using 'CodeIgniter\Session\Handlers\FileHandler' driver.
INFO - 2023-10-18 14:30:31 --> Session: Class initialized using 'CodeIgniter\Session\Handlers\FileHandler' driver.
INFO - 2023-10-18 14:30:42 --> Session: Class initialized using 'CodeIgniter\Session\Handlers\FileHandler' driver.
INFO - 2023-10-18 14:30:55 --> Session: Class initialized using 'CodeIgniter\Session\Handlers\FileHandler' driver.
INFO - 2023-10-18 14:31:10 --> Session: Class initialized using 'CodeIgniter\Session\Handlers\FileHandler' driver.
INFO - 2023-10-18 14:31:16 --> Session: Class initialized using 'CodeIgniter\Session\Handlers\FileHandler' driver.
INFO - 2023-10-18 14:31:23 --> Session: Class initialized using 'CodeIgniter\Session\Handlers\FileHandler' driver.
INFO - 2023-10-18 14:31:36 --> Session: Class initialized using 'CodeIgniter\Session\Handlers\FileHandler' driver.
INFO - 2023-10-18 14:31:42 --> Session: Class initialized using 'CodeIgniter\Session\Handlers\FileHandler' driver.
INFO - 2023-10-18 14:31:52 --> Session: Class initialized using 'CodeIgniter\Session\Handlers\FileHandler' driver.
INFO - 2023-10-18 14:32:45 --> Session: Class initialized using 'CodeIgniter\Session\Handlers\FileHandler' driver.
INFO - 2023-10-18 14:32:51 --> Session: Class initialized using 'CodeIgniter\Session\Handlers\FileHandler' driver.
INFO - 2023-10-18 14:33:02 --> Session: Class initialized using 'CodeIgniter\Session\Handlers\FileHandler' driver.
INFO - 2023-10-18 14:33:11 --> Session: Class initialized using 'CodeIgniter\Session\Handlers\FileHandler' driver.
INFO - 2023-10-18 14:33:33 --> Session: Class initialized using 'CodeIgniter\Session\Handlers\FileHandler' driver.
INFO - 2023-10-18 14:33:41 --> Session: Class initialized using 'CodeIgniter\Session\Handlers\FileHandler' driver.
INFO - 2023-10-18 14:33:51 --> Session: Class initialized using 'CodeIgniter\Session\Handlers\FileHandler' driver.
INFO - 2023-10-18 14:34:01 --> Session: Class initialized using 'CodeIgniter\Session\Handlers\FileHandler' driver.
INFO - 2023-10-18 14:34:11 --> Session: Class initialized using 'CodeIgniter\Session\Handlers\FileHandler' driver.
INFO - 2023-10-18 14:34:21 --> Session: Class initialized using 'CodeIgniter\Session\Handlers\FileHandler' driver.
INFO - 2023-10-18 14:34:31 --> Session: Class initialized using 'CodeIgniter\Session\Handlers\FileHandler' driver.
INFO - 2023-10-18 14:34:41 --> Session: Class initialized using 'CodeIgniter\Session\Handlers\FileHandler' driver.
INFO - 2023-10-18 14:34:51 --> Session: Class initialized using 'CodeIgniter\Session\Handlers\FileHandler' driver.
INFO - 2023-10-18 14:35:01 --> Session: Class initialized using 'CodeIgniter\Session\Handlers\FileHandler' driver.
INFO - 2023-10-18 14:35:11 --> Session: Class initialized using 'CodeIgniter\Session\Handlers\FileHandler' driver.
INFO - 2023-10-18 14:35:21 --> Session: Class initialized using 'CodeIgniter\Session\Handlers\FileHandler' driver.
INFO - 2023-10-18 14:35:31 --> Session: Class initialized using 'CodeIgniter\Session\Handlers\FileHandler' driver.
INFO - 2023-10-18 14:35:41 --> Session: Class initialized using 'CodeIgniter\Session\Handlers\FileHandler' driver.
INFO - 2023-10-18 14:35:44 --> Session: Class initialized using 'CodeIgniter\Session\Handlers\FileHandler' driver.
INFO - 2023-10-18 14:36:25 --> Session: Class initialized using 'CodeIgniter\Session\Handlers\FileHandler' driver.
ERROR - 2023-10-18 14:36:26 --> mysqli_sql_exception: You have an error in your SQL syntax; check the manual that corresponds to your MariaDB server version for the right syntax to use near 'FROM
				    anggota m
				LEFT JOIN
				    simpanan_detail sd ON m.no_an...' at line 24 in C:\xampp\htdocs\cikoperasi\system\Database\MySQLi\Connection.php:295
Stack trace:
#0 C:\xampp\htdocs\cikoperasi\system\Database\MySQLi\Connection.php(295): mysqli->query('\r\n\t\t\t\tSELECT\r\n\t...', 0)
#1 C:\xampp\htdocs\cikoperasi\system\Database\BaseConnection.php(691): CodeIgniter\Database\MySQLi\Connection->execute('\r\n\t\t\t\tSELECT\r\n\t...')
#2 C:\xampp\htdocs\cikoperasi\system\Database\BaseConnection.php(605): CodeIgniter\Database\BaseConnection->simpleQuery('\r\n\t\t\t\tSELECT\r\n\t...')
#3 C:\xampp\htdocs\cikoperasi\app\Models\AnggotaModel.php(192): CodeIgniter\Database\BaseConnection->query('\r\n\t\t\t\tSELECT\r\n\t...')
#4 C:\xampp\htdocs\cikoperasi\app\Controllers\Petugas.php(885): App\Models\AnggotaModel->lapTagihan('9', '2023')
#5 C:\xampp\htdocs\cikoperasi\system\CodeIgniter.php(934): App\Controllers\Petugas->viewLapTagihanBulanan()
#6 C:\xampp\htdocs\cikoperasi\system\CodeIgniter.php(499): CodeIgniter\CodeIgniter->runController(Object(App\Controllers\Petugas))
#7 C:\xampp\htdocs\cikoperasi\system\CodeIgniter.php(368): CodeIgniter\CodeIgniter->handleRequest(NULL, Object(Config\Cache), false)
#8 C:\xampp\htdocs\cikoperasi\public\index.php(67): CodeIgniter\CodeIgniter->run()
#9 C:\xampp\htdocs\cikoperasi\system\Commands\Server\rewrite.php(47): require_once('C:\\xampp\\htdocs...')
#10 {main}
CRITICAL - 2023-10-18 14:36:26 --> You have an error in your SQL syntax; check the manual that corresponds to your MariaDB server version for the right syntax to use near 'FROM
				    anggota m
				LEFT JOIN
				    simpanan_detail sd ON m.no_an...' at line 24
in SYSTEMPATH\Database\BaseConnection.php on line 645.
 1 APPPATH\Models\AnggotaModel.php(192): CodeIgniter\Database\BaseConnection->query('
				SELECT
				    m.no_anggota,
				    m.nama,
				    SUM(CASE WHEN sd.id_jenis_simpanan = 3 
				    	AND MONTH(tanggal) = 9 
				    	AND YEAR(tanggal) = 2023 
				    	AND sts_setor = \'Otomatis\' 
				    	AND status = \'Debet\'
				    	THEN sd.debet ELSE 0 END) AS simpanan_wajib,
				    SUM(CASE WHEN sd.id_jenis_simpanan = 2 
				    	AND MONTH(tanggal) = 9 
				    	AND YEAR(tanggal) = 2023 
				    	AND sts_setor = \'Otomatis\' 
				    	AND status = \'Debet\'
				    	THEN sd.debet ELSE 0 END) AS simpanan_sukarela,
				    -- SUM(CASE WHEN a.id_jenis_pinjaman = 3  
				    -- 	AND MONTH(tgl_angsuran) = 9 
				    -- 	AND YEAR(tgl_angsuran) = 2023 
				    -- 	THEN a.angsuran_pembayaran ELSE 0 END) AS pinjaman_panjang,
				    -- SUM(CASE WHEN a.id_jenis_pinjaman = 2  
				    -- 	AND MONTH(tgl_angsuran) = 9 
				    -- 	AND YEAR(tgl_angsuran) = 2023 
				    -- 	THEN a.angsuran_pembayaran ELSE 0 END) AS pinjaman_barang
				FROM
				    anggota m
				LEFT JOIN
				    simpanan_detail sd ON m.no_anggota = sd.no_anggota
				-- LEFT JOIN
				--     angsuran a ON m.no_anggota = a.no_anggota
				GROUP BY
				    m.no_anggota, m.nama
				ORDER BY
				    m.no_anggota;
			')
 2 APPPATH\Controllers\Petugas.php(885): App\Models\AnggotaModel->lapTagihan('9', '2023')
 3 SYSTEMPATH\CodeIgniter.php(934): App\Controllers\Petugas->viewLapTagihanBulanan()
 4 SYSTEMPATH\CodeIgniter.php(499): CodeIgniter\CodeIgniter->runController(Object(App\Controllers\Petugas))
 5 SYSTEMPATH\CodeIgniter.php(368): CodeIgniter\CodeIgniter->handleRequest(null, Object(Config\Cache), false)
 6 FCPATH\index.php(67): CodeIgniter\CodeIgniter->run()
 7 SYSTEMPATH\Commands\Server\rewrite.php(47): require_once('FCPATH\\index.php')
INFO - 2023-10-18 14:36:30 --> Session: Class initialized using 'CodeIgniter\Session\Handlers\FileHandler' driver.
INFO - 2023-10-18 14:36:40 --> Session: Class initialized using 'CodeIgniter\Session\Handlers\FileHandler' driver.
ERROR - 2023-10-18 14:36:40 --> mysqli_sql_exception: You have an error in your SQL syntax; check the manual that corresponds to your MariaDB server version for the right syntax to use near 'FROM
				    anggota m
				LEFT JOIN
				    simpanan_detail sd ON m.no_an...' at line 24 in C:\xampp\htdocs\cikoperasi\system\Database\MySQLi\Connection.php:295
Stack trace:
#0 C:\xampp\htdocs\cikoperasi\system\Database\MySQLi\Connection.php(295): mysqli->query('\r\n\t\t\t\tSELECT\r\n\t...', 0)
#1 C:\xampp\htdocs\cikoperasi\system\Database\BaseConnection.php(691): CodeIgniter\Database\MySQLi\Connection->execute('\r\n\t\t\t\tSELECT\r\n\t...')
#2 C:\xampp\htdocs\cikoperasi\system\Database\BaseConnection.php(605): CodeIgniter\Database\BaseConnection->simpleQuery('\r\n\t\t\t\tSELECT\r\n\t...')
#3 C:\xampp\htdocs\cikoperasi\app\Models\AnggotaModel.php(192): CodeIgniter\Database\BaseConnection->query('\r\n\t\t\t\tSELECT\r\n\t...')
#4 C:\xampp\htdocs\cikoperasi\app\Controllers\Petugas.php(885): App\Models\AnggotaModel->lapTagihan('9', '2023')
#5 C:\xampp\htdocs\cikoperasi\system\CodeIgniter.php(934): App\Controllers\Petugas->viewLapTagihanBulanan()
#6 C:\xampp\htdocs\cikoperasi\system\CodeIgniter.php(499): CodeIgniter\CodeIgniter->runController(Object(App\Controllers\Petugas))
#7 C:\xampp\htdocs\cikoperasi\system\CodeIgniter.php(368): CodeIgniter\CodeIgniter->handleRequest(NULL, Object(Config\Cache), false)
#8 C:\xampp\htdocs\cikoperasi\public\index.php(67): CodeIgniter\CodeIgniter->run()
#9 C:\xampp\htdocs\cikoperasi\system\Commands\Server\rewrite.php(47): require_once('C:\\xampp\\htdocs...')
#10 {main}
CRITICAL - 2023-10-18 14:36:40 --> You have an error in your SQL syntax; check the manual that corresponds to your MariaDB server version for the right syntax to use near 'FROM
				    anggota m
				LEFT JOIN
				    simpanan_detail sd ON m.no_an...' at line 24
in SYSTEMPATH\Database\BaseConnection.php on line 645.
 1 APPPATH\Models\AnggotaModel.php(192): CodeIgniter\Database\BaseConnection->query('
				SELECT
				    m.no_anggota,
				    m.nama,
				    SUM(CASE WHEN sd.id_jenis_simpanan = 3 
				    	AND MONTH(tanggal) = 9 
				    	AND YEAR(tanggal) = 2023 
				    	AND sts_setor = \'Otomatis\' 
				    	AND status = \'Debet\'
				    	THEN sd.debet ELSE 0 END) AS simpanan_wajib,
				    SUM(CASE WHEN sd.id_jenis_simpanan = 2 
				    	AND MONTH(tanggal) = 9 
				    	AND YEAR(tanggal) = 2023 
				    	AND sts_setor = \'Otomatis\' 
				    	AND status = \'Debet\'
				    	THEN sd.debet ELSE 0 END) AS simpanan_sukarela,
				    -- SUM(CASE WHEN a.id_jenis_pinjaman = 3  
				    -- 	AND MONTH(tgl_angsuran) = 9 
				    -- 	AND YEAR(tgl_angsuran) = 2023 
				    -- 	THEN a.angsuran_pembayaran ELSE 0 END) AS pinjaman_panjang,
				    -- SUM(CASE WHEN a.id_jenis_pinjaman = 2  
				    -- 	AND MONTH(tgl_angsuran) = 9 
				    -- 	AND YEAR(tgl_angsuran) = 2023 
				    -- 	THEN a.angsuran_pembayaran ELSE 0 END) AS pinjaman_barang
				FROM
				    anggota m
				LEFT JOIN
				    simpanan_detail sd ON m.no_anggota = sd.no_anggota
				-- LEFT JOIN
				--     angsuran a ON m.no_anggota = a.no_anggota
				GROUP BY
				    m.no_anggota, m.nama
				ORDER BY
				    m.no_anggota;
			')
 2 APPPATH\Controllers\Petugas.php(885): App\Models\AnggotaModel->lapTagihan('9', '2023')
 3 SYSTEMPATH\CodeIgniter.php(934): App\Controllers\Petugas->viewLapTagihanBulanan()
 4 SYSTEMPATH\CodeIgniter.php(499): CodeIgniter\CodeIgniter->runController(Object(App\Controllers\Petugas))
 5 SYSTEMPATH\CodeIgniter.php(368): CodeIgniter\CodeIgniter->handleRequest(null, Object(Config\Cache), false)
 6 FCPATH\index.php(67): CodeIgniter\CodeIgniter->run()
 7 SYSTEMPATH\Commands\Server\rewrite.php(47): require_once('FCPATH\\index.php')
INFO - 2023-10-18 14:36:54 --> Session: Class initialized using 'CodeIgniter\Session\Handlers\FileHandler' driver.
INFO - 2023-10-18 14:36:56 --> Session: Class initialized using 'CodeIgniter\Session\Handlers\FileHandler' driver.
INFO - 2023-10-18 14:37:00 --> Session: Class initialized using 'CodeIgniter\Session\Handlers\FileHandler' driver.
INFO - 2023-10-18 14:38:19 --> Session: Class initialized using 'CodeIgniter\Session\Handlers\FileHandler' driver.
INFO - 2023-10-18 14:38:25 --> Session: Class initialized using 'CodeIgniter\Session\Handlers\FileHandler' driver.
INFO - 2023-10-18 14:38:27 --> Session: Class initialized using 'CodeIgniter\Session\Handlers\FileHandler' driver.
INFO - 2023-10-18 14:38:52 --> Session: Class initialized using 'CodeIgniter\Session\Handlers\FileHandler' driver.
INFO - 2023-10-18 14:38:54 --> Session: Class initialized using 'CodeIgniter\Session\Handlers\FileHandler' driver.
INFO - 2023-10-18 14:38:59 --> Session: Class initialized using 'CodeIgniter\Session\Handlers\FileHandler' driver.
INFO - 2023-10-18 14:39:00 --> Session: Class initialized using 'CodeIgniter\Session\Handlers\FileHandler' driver.
INFO - 2023-10-18 14:39:02 --> Session: Class initialized using 'CodeIgniter\Session\Handlers\FileHandler' driver.
INFO - 2023-10-18 14:39:07 --> Session: Class initialized using 'CodeIgniter\Session\Handlers\FileHandler' driver.
INFO - 2023-10-18 14:39:17 --> Session: Class initialized using 'CodeIgniter\Session\Handlers\FileHandler' driver.
INFO - 2023-10-18 14:39:27 --> Session: Class initialized using 'CodeIgniter\Session\Handlers\FileHandler' driver.
INFO - 2023-10-18 14:39:37 --> Session: Class initialized using 'CodeIgniter\Session\Handlers\FileHandler' driver.
INFO - 2023-10-18 14:39:47 --> Session: Class initialized using 'CodeIgniter\Session\Handlers\FileHandler' driver.
INFO - 2023-10-18 14:39:57 --> Session: Class initialized using 'CodeIgniter\Session\Handlers\FileHandler' driver.
INFO - 2023-10-18 14:40:06 --> Session: Class initialized using 'CodeIgniter\Session\Handlers\FileHandler' driver.
INFO - 2023-10-18 14:40:16 --> Session: Class initialized using 'CodeIgniter\Session\Handlers\FileHandler' driver.
INFO - 2023-10-18 14:40:26 --> Session: Class initialized using 'CodeIgniter\Session\Handlers\FileHandler' driver.
INFO - 2023-10-18 14:40:36 --> Session: Class initialized using 'CodeIgniter\Session\Handlers\FileHandler' driver.
INFO - 2023-10-18 14:40:43 --> Session: Class initialized using 'CodeIgniter\Session\Handlers\FileHandler' driver.
INFO - 2023-10-18 14:40:53 --> Session: Class initialized using 'CodeIgniter\Session\Handlers\FileHandler' driver.
INFO - 2023-10-18 14:40:54 --> Session: Class initialized using 'CodeIgniter\Session\Handlers\FileHandler' driver.
INFO - 2023-10-18 14:40:56 --> Session: Class initialized using 'CodeIgniter\Session\Handlers\FileHandler' driver.
INFO - 2023-10-18 14:41:01 --> Session: Class initialized using 'CodeIgniter\Session\Handlers\FileHandler' driver.
INFO - 2023-10-18 14:41:04 --> Session: Class initialized using 'CodeIgniter\Session\Handlers\FileHandler' driver.
INFO - 2023-10-18 14:41:06 --> Session: Class initialized using 'CodeIgniter\Session\Handlers\FileHandler' driver.
INFO - 2023-10-18 14:41:13 --> Session: Class initialized using 'CodeIgniter\Session\Handlers\FileHandler' driver.
INFO - 2023-10-18 14:41:24 --> Session: Class initialized using 'CodeIgniter\Session\Handlers\FileHandler' driver.
INFO - 2023-10-18 14:43:12 --> Session: Class initialized using 'CodeIgniter\Session\Handlers\FileHandler' driver.
INFO - 2023-10-18 14:43:13 --> Session: Class initialized using 'CodeIgniter\Session\Handlers\FileHandler' driver.
INFO - 2023-10-18 14:43:23 --> Session: Class initialized using 'CodeIgniter\Session\Handlers\FileHandler' driver.
INFO - 2023-10-18 14:43:33 --> Session: Class initialized using 'CodeIgniter\Session\Handlers\FileHandler' driver.
INFO - 2023-10-18 14:43:44 --> Session: Class initialized using 'CodeIgniter\Session\Handlers\FileHandler' driver.
INFO - 2023-10-18 14:45:52 --> Session: Class initialized using 'CodeIgniter\Session\Handlers\FileHandler' driver.
ERROR - 2023-10-18 14:45:52 --> mysqli_sql_exception: You have an error in your SQL syntax; check the manual that corresponds to your MariaDB server version for the right syntax to use near 'FROM (
			    SELECT no_anggota, id_jenis_simpanan, SUM(debet) AS total_debe...' at line 9 in C:\xampp\htdocs\cikoperasi\system\Database\MySQLi\Connection.php:295
Stack trace:
#0 C:\xampp\htdocs\cikoperasi\system\Database\MySQLi\Connection.php(295): mysqli->query('\r\n\t\t\tSELECT\r\n\t\t...', 0)
#1 C:\xampp\htdocs\cikoperasi\system\Database\BaseConnection.php(691): CodeIgniter\Database\MySQLi\Connection->execute('\r\n\t\t\tSELECT\r\n\t\t...')
#2 C:\xampp\htdocs\cikoperasi\system\Database\BaseConnection.php(605): CodeIgniter\Database\BaseConnection->simpleQuery('\r\n\t\t\tSELECT\r\n\t\t...')
#3 C:\xampp\htdocs\cikoperasi\app\Models\AnggotaModel.php(159): CodeIgniter\Database\BaseConnection->query('\r\n\t\t\tSELECT\r\n\t\t...')
#4 C:\xampp\htdocs\cikoperasi\app\Controllers\Petugas.php(885): App\Models\AnggotaModel->lapTagihan('9', '2023')
#5 C:\xampp\htdocs\cikoperasi\system\CodeIgniter.php(934): App\Controllers\Petugas->viewLapTagihanBulanan()
#6 C:\xampp\htdocs\cikoperasi\system\CodeIgniter.php(499): CodeIgniter\CodeIgniter->runController(Object(App\Controllers\Petugas))
#7 C:\xampp\htdocs\cikoperasi\system\CodeIgniter.php(368): CodeIgniter\CodeIgniter->handleRequest(NULL, Object(Config\Cache), false)
#8 C:\xampp\htdocs\cikoperasi\public\index.php(67): CodeIgniter\CodeIgniter->run()
#9 C:\xampp\htdocs\cikoperasi\system\Commands\Server\rewrite.php(47): require_once('C:\\xampp\\htdocs...')
#10 {main}
CRITICAL - 2023-10-18 14:45:52 --> You have an error in your SQL syntax; check the manual that corresponds to your MariaDB server version for the right syntax to use near 'FROM (
			    SELECT no_anggota, id_jenis_simpanan, SUM(debet) AS total_debe...' at line 9
in SYSTEMPATH\Database\BaseConnection.php on line 645.
 1 APPPATH\Models\AnggotaModel.php(159): CodeIgniter\Database\BaseConnection->query('
			SELECT
			    a.no_anggota,
			    a.nama,
			    -- DATE_FORMAT(s.tanggal, \'%Y-%m\') AS bulan_tahun,
			    SUM(CASE WHEN s.id_jenis_simpanan = 2 THEN s.total_debet ELSE 0 END) AS simpanan_wajib,
			    SUM(CASE WHEN s.id_jenis_simpanan = 3 THEN s.total_debet ELSE 0 END) AS simpanan_sukarela,
			    -- SUM(CASE WHEN an.id_jenis_pinjaman = 2 THEN an.angsuran ELSE 0 END) AS pinjaman_panjang,
			    -- SUM(CASE WHEN an.id_jenis_pinjaman = 3 THEN an.angsuran ELSE 0 END) AS pinjaman_barang
			FROM (
			    SELECT no_anggota, id_jenis_simpanan, SUM(debet) AS total_debet, tanggal
			    FROM simpanan_detail
			    WHERE sts_setor = \'Otomatis\' AND status = \'Debet\'
			          AND MONTH(tanggal) = 9 AND YEAR(tanggal) = 2023
			    GROUP BY no_anggota, id_jenis_simpanan
			) AS s
			-- JOIN(
			-- 	SELECT no_anggota, id_jenis_pinjaman, SUM(angsuran_pembayaran) AS angsuran, tgl_angsuran
			--     FROM angsuran
			--     WHERE MONTH(tgl_angsuran) = 9 AND YEAR(tgl_angsuran) = 2023
			--     GROUP BY no_anggota, id_jenis_pinjaman 
			-- 	) AS an
			JOIN anggota a ON s.no_anggota = a.no_anggota
			GROUP BY a.no_anggota, a.nama
			-- ORDER BY a.no_anggota, bulan_tahun;


			')
 2 APPPATH\Controllers\Petugas.php(885): App\Models\AnggotaModel->lapTagihan('9', '2023')
 3 SYSTEMPATH\CodeIgniter.php(934): App\Controllers\Petugas->viewLapTagihanBulanan()
 4 SYSTEMPATH\CodeIgniter.php(499): CodeIgniter\CodeIgniter->runController(Object(App\Controllers\Petugas))
 5 SYSTEMPATH\CodeIgniter.php(368): CodeIgniter\CodeIgniter->handleRequest(null, Object(Config\Cache), false)
 6 FCPATH\index.php(67): CodeIgniter\CodeIgniter->run()
 7 SYSTEMPATH\Commands\Server\rewrite.php(47): require_once('FCPATH\\index.php')
INFO - 2023-10-18 14:46:33 --> Session: Class initialized using 'CodeIgniter\Session\Handlers\FileHandler' driver.
INFO - 2023-10-18 14:46:41 --> Session: Class initialized using 'CodeIgniter\Session\Handlers\FileHandler' driver.
INFO - 2023-10-18 14:46:44 --> Session: Class initialized using 'CodeIgniter\Session\Handlers\FileHandler' driver.
INFO - 2023-10-18 14:46:58 --> Session: Class initialized using 'CodeIgniter\Session\Handlers\FileHandler' driver.
INFO - 2023-10-18 14:47:00 --> Session: Class initialized using 'CodeIgniter\Session\Handlers\FileHandler' driver.
INFO - 2023-10-18 14:47:04 --> Session: Class initialized using 'CodeIgniter\Session\Handlers\FileHandler' driver.
INFO - 2023-10-18 14:47:08 --> Session: Class initialized using 'CodeIgniter\Session\Handlers\FileHandler' driver.
INFO - 2023-10-18 14:47:10 --> Session: Class initialized using 'CodeIgniter\Session\Handlers\FileHandler' driver.
INFO - 2023-10-18 14:47:12 --> Session: Class initialized using 'CodeIgniter\Session\Handlers\FileHandler' driver.
INFO - 2023-10-18 14:47:22 --> Session: Class initialized using 'CodeIgniter\Session\Handlers\FileHandler' driver.
INFO - 2023-10-18 14:47:52 --> Session: Class initialized using 'CodeIgniter\Session\Handlers\FileHandler' driver.
INFO - 2023-10-18 14:48:00 --> Session: Class initialized using 'CodeIgniter\Session\Handlers\FileHandler' driver.
INFO - 2023-10-18 14:48:10 --> Session: Class initialized using 'CodeIgniter\Session\Handlers\FileHandler' driver.
INFO - 2023-10-18 14:48:20 --> Session: Class initialized using 'CodeIgniter\Session\Handlers\FileHandler' driver.
INFO - 2023-10-18 14:48:30 --> Session: Class initialized using 'CodeIgniter\Session\Handlers\FileHandler' driver.
INFO - 2023-10-18 14:48:41 --> Session: Class initialized using 'CodeIgniter\Session\Handlers\FileHandler' driver.
INFO - 2023-10-18 14:48:43 --> Session: Class initialized using 'CodeIgniter\Session\Handlers\FileHandler' driver.
ERROR - 2023-10-18 14:48:44 --> mysqli_sql_exception: Unknown column 's.no_anggota' in 'on clause' in C:\xampp\htdocs\cikoperasi\system\Database\MySQLi\Connection.php:295
Stack trace:
#0 C:\xampp\htdocs\cikoperasi\system\Database\MySQLi\Connection.php(295): mysqli->query('\r\n\t\t\tSELECT\r\n\t\t...', 0)
#1 C:\xampp\htdocs\cikoperasi\system\Database\BaseConnection.php(691): CodeIgniter\Database\MySQLi\Connection->execute('\r\n\t\t\tSELECT\r\n\t\t...')
#2 C:\xampp\htdocs\cikoperasi\system\Database\BaseConnection.php(605): CodeIgniter\Database\BaseConnection->simpleQuery('\r\n\t\t\tSELECT\r\n\t\t...')
#3 C:\xampp\htdocs\cikoperasi\app\Models\AnggotaModel.php(159): CodeIgniter\Database\BaseConnection->query('\r\n\t\t\tSELECT\r\n\t\t...')
#4 C:\xampp\htdocs\cikoperasi\app\Controllers\Petugas.php(885): App\Models\AnggotaModel->lapTagihan('9', '2023')
#5 C:\xampp\htdocs\cikoperasi\system\CodeIgniter.php(934): App\Controllers\Petugas->viewLapTagihanBulanan()
#6 C:\xampp\htdocs\cikoperasi\system\CodeIgniter.php(499): CodeIgniter\CodeIgniter->runController(Object(App\Controllers\Petugas))
#7 C:\xampp\htdocs\cikoperasi\system\CodeIgniter.php(368): CodeIgniter\CodeIgniter->handleRequest(NULL, Object(Config\Cache), false)
#8 C:\xampp\htdocs\cikoperasi\public\index.php(67): CodeIgniter\CodeIgniter->run()
#9 C:\xampp\htdocs\cikoperasi\system\Commands\Server\rewrite.php(47): require_once('C:\\xampp\\htdocs...')
#10 {main}
CRITICAL - 2023-10-18 14:48:44 --> Unknown column 's.no_anggota' in 'on clause'
in SYSTEMPATH\Database\BaseConnection.php on line 645.
 1 APPPATH\Models\AnggotaModel.php(159): CodeIgniter\Database\BaseConnection->query('
			SELECT
			    a.no_anggota,
			    a.nama,
			    -- DATE_FORMAT(s.tanggal, \'%Y-%m\') AS bulan_tahun,
			    -- SUM(CASE WHEN s.id_jenis_simpanan = 2 THEN s.total_debet ELSE 0 END) AS simpanan_wajib,
			    -- SUM(CASE WHEN s.id_jenis_simpanan = 3 THEN s.total_debet ELSE 0 END) AS simpanan_sukarela
			    SUM(CASE WHEN an.id_jenis_pinjaman = 2 THEN an.angsuran ELSE 0 END) AS pinjaman_panjang,
			    SUM(CASE WHEN an.id_jenis_pinjaman = 3 THEN an.angsuran ELSE 0 END) AS pinjaman_barang
			FROM (
			--     SELECT no_anggota, id_jenis_simpanan, SUM(debet) AS total_debet, tanggal
			--     FROM simpanan_detail
			--     WHERE sts_setor = \'Otomatis\' AND status = \'Debet\'
			--           AND MONTH(tanggal) = 9 AND YEAR(tanggal) = 2023
			--     GROUP BY no_anggota, id_jenis_simpanan
			-- ) AS s
			-- JOIN(
				SELECT no_anggota, id_jenis_pinjaman, SUM(angsuran_pembayaran) AS angsuran, tgl_angsuran
			    FROM angsuran
			    WHERE MONTH(tgl_angsuran) = 9 AND YEAR(tgl_angsuran) = 2023
			    GROUP BY no_anggota, id_jenis_pinjaman 
				) AS an
			JOIN anggota a ON s.no_anggota = a.no_anggota
			GROUP BY a.no_anggota, a.nama
			-- ORDER BY a.no_anggota, bulan_tahun;


			')
 2 APPPATH\Controllers\Petugas.php(885): App\Models\AnggotaModel->lapTagihan('9', '2023')
 3 SYSTEMPATH\CodeIgniter.php(934): App\Controllers\Petugas->viewLapTagihanBulanan()
 4 SYSTEMPATH\CodeIgniter.php(499): CodeIgniter\CodeIgniter->runController(Object(App\Controllers\Petugas))
 5 SYSTEMPATH\CodeIgniter.php(368): CodeIgniter\CodeIgniter->handleRequest(null, Object(Config\Cache), false)
 6 FCPATH\index.php(67): CodeIgniter\CodeIgniter->run()
 7 SYSTEMPATH\Commands\Server\rewrite.php(47): require_once('FCPATH\\index.php')
INFO - 2023-10-18 14:49:04 --> Session: Class initialized using 'CodeIgniter\Session\Handlers\FileHandler' driver.
CRITICAL - 2023-10-18 14:49:04 --> Undefined array key "simpanan_wajib"
in APPPATH\Views\laporan\v_lap_tagihan.php on line 53.
 1 APPPATH\Views\laporan\v_lap_tagihan.php(53): CodeIgniter\Debug\Exceptions->errorHandler(2, 'Undefined array key "simpanan_wajib"', 'APPPATH\\Views\\laporan\\v_lap_tagihan.php', 53)
 2 SYSTEMPATH\View\View.php(213): include('APPPATH\\Views\\laporan\\v_lap_tagihan.php')
 3 SYSTEMPATH\View\View.php(216): CodeIgniter\View\View->CodeIgniter\View\{closure}()
 4 SYSTEMPATH\Common.php(1184): CodeIgniter\View\View->render('laporan/v_lap_tagihan', [], true)
 5 APPPATH\Views\layout-cetak\tamplate.php(87): view('laporan/v_lap_tagihan')
 6 SYSTEMPATH\View\View.php(213): include('APPPATH\\Views\\layout-cetak\\tamplate.php')
 7 SYSTEMPATH\View\View.php(216): CodeIgniter\View\View->CodeIgniter\View\{closure}()
 8 SYSTEMPATH\Common.php(1184): CodeIgniter\View\View->render('layout-cetak/tamplate', [], true)
 9 APPPATH\Controllers\Petugas.php(894): view('layout-cetak/tamplate', [...])
10 SYSTEMPATH\CodeIgniter.php(934): App\Controllers\Petugas->viewLapTagihanBulanan()
11 SYSTEMPATH\CodeIgniter.php(499): CodeIgniter\CodeIgniter->runController(Object(App\Controllers\Petugas))
12 SYSTEMPATH\CodeIgniter.php(368): CodeIgniter\CodeIgniter->handleRequest(null, Object(Config\Cache), false)
13 FCPATH\index.php(67): CodeIgniter\CodeIgniter->run()
14 SYSTEMPATH\Commands\Server\rewrite.php(47): require_once('FCPATH\\index.php')
INFO - 2023-10-18 14:49:24 --> Session: Class initialized using 'CodeIgniter\Session\Handlers\FileHandler' driver.
CRITICAL - 2023-10-18 14:49:24 --> Undefined array key "simpanan_wajib"
in APPPATH\Views\laporan\v_lap_tagihan.php on line 65.
 1 APPPATH\Views\laporan\v_lap_tagihan.php(65): CodeIgniter\Debug\Exceptions->errorHandler(2, 'Undefined array key "simpanan_wajib"', 'APPPATH\\Views\\laporan\\v_lap_tagihan.php', 65)
 2 SYSTEMPATH\View\View.php(213): include('APPPATH\\Views\\laporan\\v_lap_tagihan.php')
 3 SYSTEMPATH\View\View.php(216): CodeIgniter\View\View->CodeIgniter\View\{closure}()
 4 SYSTEMPATH\Common.php(1184): CodeIgniter\View\View->render('laporan/v_lap_tagihan', [], true)
 5 APPPATH\Views\layout-cetak\tamplate.php(87): view('laporan/v_lap_tagihan')
 6 SYSTEMPATH\View\View.php(213): include('APPPATH\\Views\\layout-cetak\\tamplate.php')
 7 SYSTEMPATH\View\View.php(216): CodeIgniter\View\View->CodeIgniter\View\{closure}()
 8 SYSTEMPATH\Common.php(1184): CodeIgniter\View\View->render('layout-cetak/tamplate', [], true)
 9 APPPATH\Controllers\Petugas.php(894): view('layout-cetak/tamplate', [...])
10 SYSTEMPATH\CodeIgniter.php(934): App\Controllers\Petugas->viewLapTagihanBulanan()
11 SYSTEMPATH\CodeIgniter.php(499): CodeIgniter\CodeIgniter->runController(Object(App\Controllers\Petugas))
12 SYSTEMPATH\CodeIgniter.php(368): CodeIgniter\CodeIgniter->handleRequest(null, Object(Config\Cache), false)
13 FCPATH\index.php(67): CodeIgniter\CodeIgniter->run()
14 SYSTEMPATH\Commands\Server\rewrite.php(47): require_once('FCPATH\\index.php')
INFO - 2023-10-18 14:49:32 --> Session: Class initialized using 'CodeIgniter\Session\Handlers\FileHandler' driver.
INFO - 2023-10-18 14:49:39 --> Session: Class initialized using 'CodeIgniter\Session\Handlers\FileHandler' driver.
INFO - 2023-10-18 14:49:45 --> Session: Class initialized using 'CodeIgniter\Session\Handlers\FileHandler' driver.
INFO - 2023-10-18 14:49:53 --> Session: Class initialized using 'CodeIgniter\Session\Handlers\FileHandler' driver.
INFO - 2023-10-18 14:49:56 --> Session: Class initialized using 'CodeIgniter\Session\Handlers\FileHandler' driver.
INFO - 2023-10-18 14:50:00 --> Session: Class initialized using 'CodeIgniter\Session\Handlers\FileHandler' driver.
INFO - 2023-10-18 14:50:06 --> Session: Class initialized using 'CodeIgniter\Session\Handlers\FileHandler' driver.
INFO - 2023-10-18 14:50:27 --> Session: Class initialized using 'CodeIgniter\Session\Handlers\FileHandler' driver.
INFO - 2023-10-18 14:50:29 --> Session: Class initialized using 'CodeIgniter\Session\Handlers\FileHandler' driver.
INFO - 2023-10-18 14:50:31 --> Session: Class initialized using 'CodeIgniter\Session\Handlers\FileHandler' driver.
INFO - 2023-10-18 14:50:35 --> Session: Class initialized using 'CodeIgniter\Session\Handlers\FileHandler' driver.
INFO - 2023-10-18 14:50:35 --> Session: Class initialized using 'CodeIgniter\Session\Handlers\FileHandler' driver.
INFO - 2023-10-18 14:50:41 --> Session: Class initialized using 'CodeIgniter\Session\Handlers\FileHandler' driver.
INFO - 2023-10-18 14:50:51 --> Session: Class initialized using 'CodeIgniter\Session\Handlers\FileHandler' driver.
INFO - 2023-10-18 14:51:02 --> Session: Class initialized using 'CodeIgniter\Session\Handlers\FileHandler' driver.
INFO - 2023-10-18 14:51:11 --> Session: Class initialized using 'CodeIgniter\Session\Handlers\FileHandler' driver.
INFO - 2023-10-18 14:51:21 --> Session: Class initialized using 'CodeIgniter\Session\Handlers\FileHandler' driver.
INFO - 2023-10-18 14:51:31 --> Session: Class initialized using 'CodeIgniter\Session\Handlers\FileHandler' driver.
INFO - 2023-10-18 14:51:41 --> Session: Class initialized using 'CodeIgniter\Session\Handlers\FileHandler' driver.
INFO - 2023-10-18 14:51:51 --> Session: Class initialized using 'CodeIgniter\Session\Handlers\FileHandler' driver.
INFO - 2023-10-18 14:52:02 --> Session: Class initialized using 'CodeIgniter\Session\Handlers\FileHandler' driver.
INFO - 2023-10-18 14:52:11 --> Session: Class initialized using 'CodeIgniter\Session\Handlers\FileHandler' driver.
INFO - 2023-10-18 14:52:21 --> Session: Class initialized using 'CodeIgniter\Session\Handlers\FileHandler' driver.
INFO - 2023-10-18 14:52:31 --> Session: Class initialized using 'CodeIgniter\Session\Handlers\FileHandler' driver.
INFO - 2023-10-18 14:52:41 --> Session: Class initialized using 'CodeIgniter\Session\Handlers\FileHandler' driver.
INFO - 2023-10-18 14:52:51 --> Session: Class initialized using 'CodeIgniter\Session\Handlers\FileHandler' driver.
INFO - 2023-10-18 14:52:55 --> Session: Class initialized using 'CodeIgniter\Session\Handlers\FileHandler' driver.
INFO - 2023-10-18 14:53:19 --> Session: Class initialized using 'CodeIgniter\Session\Handlers\FileHandler' driver.
INFO - 2023-10-18 14:53:29 --> Session: Class initialized using 'CodeIgniter\Session\Handlers\FileHandler' driver.
INFO - 2023-10-18 14:53:39 --> Session: Class initialized using 'CodeIgniter\Session\Handlers\FileHandler' driver.
INFO - 2023-10-18 14:53:49 --> Session: Class initialized using 'CodeIgniter\Session\Handlers\FileHandler' driver.
INFO - 2023-10-18 14:53:59 --> Session: Class initialized using 'CodeIgniter\Session\Handlers\FileHandler' driver.
INFO - 2023-10-18 14:54:09 --> Session: Class initialized using 'CodeIgniter\Session\Handlers\FileHandler' driver.
INFO - 2023-10-18 14:55:55 --> Session: Class initialized using 'CodeIgniter\Session\Handlers\FileHandler' driver.
INFO - 2023-10-18 14:55:59 --> Session: Class initialized using 'CodeIgniter\Session\Handlers\FileHandler' driver.
INFO - 2023-10-18 14:56:09 --> Session: Class initialized using 'CodeIgniter\Session\Handlers\FileHandler' driver.
INFO - 2023-10-18 14:56:19 --> Session: Class initialized using 'CodeIgniter\Session\Handlers\FileHandler' driver.
INFO - 2023-10-18 15:06:27 --> Session: Class initialized using 'CodeIgniter\Session\Handlers\FileHandler' driver.
INFO - 2023-10-18 15:06:47 --> Session: Class initialized using 'CodeIgniter\Session\Handlers\FileHandler' driver.
INFO - 2023-10-18 15:07:46 --> Session: Class initialized using 'CodeIgniter\Session\Handlers\FileHandler' driver.
INFO - 2023-10-18 15:07:59 --> Session: Class initialized using 'CodeIgniter\Session\Handlers\FileHandler' driver.
INFO - 2023-10-18 15:08:09 --> Session: Class initialized using 'CodeIgniter\Session\Handlers\FileHandler' driver.
INFO - 2023-10-18 15:08:19 --> Session: Class initialized using 'CodeIgniter\Session\Handlers\FileHandler' driver.
INFO - 2023-10-18 15:08:29 --> Session: Class initialized using 'CodeIgniter\Session\Handlers\FileHandler' driver.
INFO - 2023-10-18 15:08:39 --> Session: Class initialized using 'CodeIgniter\Session\Handlers\FileHandler' driver.
INFO - 2023-10-18 15:08:49 --> Session: Class initialized using 'CodeIgniter\Session\Handlers\FileHandler' driver.
INFO - 2023-10-18 15:08:59 --> Session: Class initialized using 'CodeIgniter\Session\Handlers\FileHandler' driver.
INFO - 2023-10-18 15:09:09 --> Session: Class initialized using 'CodeIgniter\Session\Handlers\FileHandler' driver.
INFO - 2023-10-18 15:09:46 --> Session: Class initialized using 'CodeIgniter\Session\Handlers\FileHandler' driver.
INFO - 2023-10-18 15:10:46 --> Session: Class initialized using 'CodeIgniter\Session\Handlers\FileHandler' driver.
INFO - 2023-10-18 15:11:46 --> Session: Class initialized using 'CodeIgniter\Session\Handlers\FileHandler' driver.
INFO - 2023-10-18 15:12:52 --> Session: Class initialized using 'CodeIgniter\Session\Handlers\FileHandler' driver.
INFO - 2023-10-18 15:13:46 --> Session: Class initialized using 'CodeIgniter\Session\Handlers\FileHandler' driver.
INFO - 2023-10-18 15:14:46 --> Session: Class initialized using 'CodeIgniter\Session\Handlers\FileHandler' driver.
INFO - 2023-10-18 15:15:46 --> Session: Class initialized using 'CodeIgniter\Session\Handlers\FileHandler' driver.
INFO - 2023-10-18 15:16:46 --> Session: Class initialized using 'CodeIgniter\Session\Handlers\FileHandler' driver.
INFO - 2023-10-18 15:17:57 --> Session: Class initialized using 'CodeIgniter\Session\Handlers\FileHandler' driver.
INFO - 2023-10-18 15:31:26 --> Session: Class initialized using 'CodeIgniter\Session\Handlers\FileHandler' driver.
INFO - 2023-10-18 15:31:46 --> Session: Class initialized using 'CodeIgniter\Session\Handlers\FileHandler' driver.
INFO - 2023-10-18 15:32:46 --> Session: Class initialized using 'CodeIgniter\Session\Handlers\FileHandler' driver.
INFO - 2023-10-18 15:33:46 --> Session: Class initialized using 'CodeIgniter\Session\Handlers\FileHandler' driver.
INFO - 2023-10-18 15:34:46 --> Session: Class initialized using 'CodeIgniter\Session\Handlers\FileHandler' driver.
INFO - 2023-10-18 15:35:46 --> Session: Class initialized using 'CodeIgniter\Session\Handlers\FileHandler' driver.
INFO - 2023-10-18 15:36:46 --> Session: Class initialized using 'CodeIgniter\Session\Handlers\FileHandler' driver.
INFO - 2023-10-18 15:37:15 --> Session: Class initialized using 'CodeIgniter\Session\Handlers\FileHandler' driver.
INFO - 2023-10-18 15:37:19 --> Session: Class initialized using 'CodeIgniter\Session\Handlers\FileHandler' driver.
INFO - 2023-10-18 15:37:29 --> Session: Class initialized using 'CodeIgniter\Session\Handlers\FileHandler' driver.
INFO - 2023-10-18 15:37:30 --> Session: Class initialized using 'CodeIgniter\Session\Handlers\FileHandler' driver.
INFO - 2023-10-18 15:37:39 --> Session: Class initialized using 'CodeIgniter\Session\Handlers\FileHandler' driver.
INFO - 2023-10-18 15:37:42 --> Session: Class initialized using 'CodeIgniter\Session\Handlers\FileHandler' driver.
INFO - 2023-10-18 15:37:52 --> Session: Class initialized using 'CodeIgniter\Session\Handlers\FileHandler' driver.
INFO - 2023-10-18 15:38:02 --> Session: Class initialized using 'CodeIgniter\Session\Handlers\FileHandler' driver.
INFO - 2023-10-18 15:38:08 --> Session: Class initialized using 'CodeIgniter\Session\Handlers\FileHandler' driver.
INFO - 2023-10-18 15:38:12 --> Session: Class initialized using 'CodeIgniter\Session\Handlers\FileHandler' driver.
INFO - 2023-10-18 15:38:22 --> Session: Class initialized using 'CodeIgniter\Session\Handlers\FileHandler' driver.
INFO - 2023-10-18 15:38:33 --> Session: Class initialized using 'CodeIgniter\Session\Handlers\FileHandler' driver.
INFO - 2023-10-18 15:38:43 --> Session: Class initialized using 'CodeIgniter\Session\Handlers\FileHandler' driver.
INFO - 2023-10-18 15:38:52 --> Session: Class initialized using 'CodeIgniter\Session\Handlers\FileHandler' driver.
INFO - 2023-10-18 15:39:02 --> Session: Class initialized using 'CodeIgniter\Session\Handlers\FileHandler' driver.
INFO - 2023-10-18 15:39:47 --> Session: Class initialized using 'CodeIgniter\Session\Handlers\FileHandler' driver.
INFO - 2023-10-18 15:40:46 --> Session: Class initialized using 'CodeIgniter\Session\Handlers\FileHandler' driver.
INFO - 2023-10-18 15:41:46 --> Session: Class initialized using 'CodeIgniter\Session\Handlers\FileHandler' driver.
INFO - 2023-10-18 15:42:46 --> Session: Class initialized using 'CodeIgniter\Session\Handlers\FileHandler' driver.
INFO - 2023-10-18 15:43:46 --> Session: Class initialized using 'CodeIgniter\Session\Handlers\FileHandler' driver.
INFO - 2023-10-18 15:44:46 --> Session: Class initialized using 'CodeIgniter\Session\Handlers\FileHandler' driver.
INFO - 2023-10-18 15:45:46 --> Session: Class initialized using 'CodeIgniter\Session\Handlers\FileHandler' driver.
